
  .   ____          _            __ _ _
 /\\ / ___'_ __ _ _(_)_ __  __ _ \ \ \ \
( ( )\___ | '_ | '_| | '_ \/ _` | \ \ \ \
 \\/  ___)| |_)| | | | | || (_| |  ) ) ) )
  '  |____| .__|_| |_|_| |_\__, | / / / /
 =========|_|==============|___/=/_/_/_/
 :: Spring Boot ::                (v3.2.0)

2026-02-04T20:34:02.989+05:30  INFO 11708 --- [           main] c.c.CrowdfundingApiApplication           : Starting CrowdfundingApiApplication v0.0.1-SNAPSHOT using Java 25.0.1 with PID 11708 (E:\project (2)\project\project\crowdfunding-platform\backend\crowdfunding-api\target\crowdfunding-api-0.0.1-SNAPSHOT.jar started by Durra in E:\project (2)\project\project\crowdfunding-platform\backend\crowdfunding-api)
2026-02-04T20:34:02.992+05:30 DEBUG 11708 --- [           main] c.c.CrowdfundingApiApplication           : Running with Spring Boot v3.2.0, Spring v6.1.1
2026-02-04T20:34:02.994+05:30  INFO 11708 --- [           main] c.c.CrowdfundingApiApplication           : No active profile set, falling back to 1 default profile: "default"
2026-02-04T20:34:04.357+05:30  INFO 11708 --- [           main] .s.d.r.c.RepositoryConfigurationDelegate : Bootstrapping Spring Data JPA repositories in DEFAULT mode.
2026-02-04T20:34:04.448+05:30  INFO 11708 --- [           main] .s.d.r.c.RepositoryConfigurationDelegate : Finished Spring Data repository scanning in 80 ms. Found 8 JPA repository interfaces.
2026-02-04T20:34:05.616+05:30  INFO 11708 --- [           main] o.s.b.w.embedded.tomcat.TomcatWebServer  : Tomcat initialized with port 8080 (http)
2026-02-04T20:34:05.630+05:30  INFO 11708 --- [           main] o.apache.catalina.core.StandardService   : Starting service [Tomcat]
2026-02-04T20:34:05.631+05:30  INFO 11708 --- [           main] o.apache.catalina.core.StandardEngine    : Starting Servlet engine: [Apache Tomcat/10.1.16]
2026-02-04T20:34:05.696+05:30  INFO 11708 --- [           main] o.a.c.c.C.[Tomcat].[localhost].[/api]    : Initializing Spring embedded WebApplicationContext
2026-02-04T20:34:05.698+05:30  INFO 11708 --- [           main] w.s.c.ServletWebServerApplicationContext : Root WebApplicationContext: initialization completed in 2606 ms
2026-02-04T20:34:06.145+05:30  INFO 11708 --- [           main] com.zaxxer.hikari.HikariDataSource       : HikariPool-1 - Starting...
2026-02-04T20:34:06.950+05:30  INFO 11708 --- [           main] com.zaxxer.hikari.pool.HikariPool        : HikariPool-1 - Added connection com.mysql.cj.jdbc.ConnectionImpl@50ff7063
2026-02-04T20:34:06.953+05:30  INFO 11708 --- [           main] com.zaxxer.hikari.HikariDataSource       : HikariPool-1 - Start completed.
2026-02-04T20:34:07.150+05:30  INFO 11708 --- [           main] o.hibernate.jpa.internal.util.LogHelper  : HHH000204: Processing PersistenceUnitInfo [name: default]
2026-02-04T20:34:07.278+05:30  INFO 11708 --- [           main] org.hibernate.Version                    : HHH000412: Hibernate ORM core version 6.3.1.Final
2026-02-04T20:34:07.366+05:30  INFO 11708 --- [           main] o.h.c.internal.RegionFactoryInitiator    : HHH000026: Second-level cache disabled
2026-02-04T20:34:07.699+05:30  INFO 11708 --- [           main] o.s.o.j.p.SpringPersistenceUnitInfo      : No LoadTimeWeaver setup: ignoring JPA class transformer
2026-02-04T20:34:07.800+05:30  WARN 11708 --- [           main] org.hibernate.orm.deprecation            : HHH90000025: MySQL8Dialect does not need to be specified explicitly using 'hibernate.dialect' (remove the property setting and it will be selected by default)
2026-02-04T20:34:07.802+05:30  WARN 11708 --- [           main] org.hibernate.orm.deprecation            : HHH90000026: MySQL8Dialect has been deprecated; use org.hibernate.dialect.MySQLDialect instead
2026-02-04T20:34:08.817+05:30  INFO 11708 --- [           main] o.h.e.t.j.p.i.JtaPlatformInitiator       : HHH000489: No JTA platform available (set 'hibernate.transaction.jta.platform' to enable JTA platform integration)
2026-02-04T20:34:08.996+05:30  INFO 11708 --- [           main] j.LocalContainerEntityManagerFactoryBean : Initialized JPA EntityManagerFactory for persistence unit 'default'
2026-02-04T20:34:09.520+05:30 DEBUG 11708 --- [           main] c.crowdfunding.security.AuthTokenFilter  : Filter 'authenticationJwtTokenFilter' configured for use
2026-02-04T20:34:09.969+05:30  INFO 11708 --- [           main] o.s.d.j.r.query.QueryEnhancerFactory     : Hibernate is in classpath; If applicable, HQL parser will be used.
2026-02-04T20:34:10.670+05:30  WARN 11708 --- [           main] JpaBaseConfiguration$JpaWebConfiguration : spring.jpa.open-in-view is enabled by default. Therefore, database queries may be performed during view rendering. Explicitly configure spring.jpa.open-in-view to disable this warning
2026-02-04T20:34:11.428+05:30  INFO 11708 --- [           main] o.s.b.a.e.web.EndpointLinksResolver      : Exposing 1 endpoint(s) beneath base path '/actuator'
2026-02-04T20:34:11.511+05:30  INFO 11708 --- [           main] o.s.s.web.DefaultSecurityFilterChain     : Will secure any request with [org.springframework.security.web.session.DisableEncodeUrlFilter@51cbd1d, org.springframework.security.web.context.request.async.WebAsyncManagerIntegrationFilter@26f29ee5, org.springframework.security.web.context.SecurityContextHolderFilter@2365facb, org.springframework.security.web.header.HeaderWriterFilter@7adf0ff9, org.springframework.web.filter.CorsFilter@3e13a74, org.springframework.security.web.authentication.logout.LogoutFilter@2af781f3, com.crowdfunding.security.AuthTokenFilter@106387cf, org.springframework.security.web.savedrequest.RequestCacheAwareFilter@1a5df070, org.springframework.security.web.servletapi.SecurityContextHolderAwareRequestFilter@3df99d5e, org.springframework.security.web.authentication.AnonymousAuthenticationFilter@594ea722, org.springframework.security.web.session.SessionManagementFilter@abb1c3e, org.springframework.security.web.access.ExceptionTranslationFilter@6a2b30b9, org.springframework.security.web.access.intercept.AuthorizationFilter@12ce9299]
2026-02-04T20:34:12.208+05:30  INFO 11708 --- [           main] o.s.b.w.embedded.tomcat.TomcatWebServer  : Tomcat started on port 8080 (http) with context path '/api'
2026-02-04T20:34:12.222+05:30  INFO 11708 --- [           main] c.c.CrowdfundingApiApplication           : Started CrowdfundingApiApplication in 9.8 seconds (process running for 10.47)
Data seeding completed.
2026-02-04T20:40:37.726+05:30  INFO 11708 --- [nio-8080-exec-1] o.a.c.c.C.[Tomcat].[localhost].[/api]    : Initializing Spring DispatcherServlet 'dispatcherServlet'
2026-02-04T20:40:37.727+05:30  INFO 11708 --- [nio-8080-exec-1] o.s.web.servlet.DispatcherServlet        : Initializing Servlet 'dispatcherServlet'
2026-02-04T20:40:37.728+05:30  INFO 11708 --- [nio-8080-exec-1] o.s.web.servlet.DispatcherServlet        : Completed initialization in 1 ms
2026-02-04T20:40:37.765+05:30  WARN 11708 --- [nio-8080-exec-1] o.s.w.s.h.HandlerMappingIntrospector     : Cache miss for REQUEST dispatch to '/api/subscriptions/plans' (previous null). Performing MatchableHandlerMapping lookup. This is logged once only at WARN level, and every time at TRACE.
